Using pre-set license
Built from '2020.3/staging' branch; Version is '2020.3.11f1 (99c7afb366b3) revision 10078127'; Using compiler version '192528614'; Build Type 'Release'
OS: 'Windows 10 Pro; OS build 19042.1586; Version 2009; 64bit' Language: 'en' Physical Memory: 32694 MB
BatchMode: 1, IsHumanControllingUs: 0, StartBugReporterOnCrash: 0, Is64bit: 1, IsPro: 0

 COMMAND LINE ARGUMENTS:
C:\Program Files\Unity\Hub\Editor\2020.3.11f1\Editor\Unity.exe
-adb2
-batchMode
-noUpm
-name
AssetImportWorker0
-projectPath
D:/Github/Gameplay-Test-Task
-logFile
Logs/AssetImportWorker0.log
-srvPort
53905
Successfully changed project path to: D:/Github/Gameplay-Test-Task
D:/Github/Gameplay-Test-Task
Using Asset Import Pipeline V2.
Refreshing native plugins compatible for Editor in 19.37 ms, found 2 plugins.
Preloading 0 native plugins for Editor in 0.00 ms.
Initialize engine version: 2020.3.11f1 (99c7afb366b3)
[Subsystems] Discovering subsystems at path C:/Program Files/Unity/Hub/Editor/2020.3.11f1/Editor/Data/Resources/UnitySubsystems
[Subsystems] Discovering subsystems at path D:/Github/Gameplay-Test-Task/Assets
GfxDevice: creating device client; threaded=0
Direct3D:
    Version:  Direct3D 11.0 [level 11.1]
    Renderer: NVIDIA GeForce RTX 3070 (ID=0x2484)
    Vendor:   
    VRAM:     8043 MB
    Driver:   30.0.14.7111
Initialize mono
Mono path[0] = 'C:/Program Files/Unity/Hub/Editor/2020.3.11f1/Editor/Data/Managed'
Mono path[1] = 'C:/Program Files/Unity/Hub/Editor/2020.3.11f1/Editor/Data/MonoBleedingEdge/lib/mono/unityjit'
Mono config path = 'C:/Program Files/Unity/Hub/Editor/2020.3.11f1/Editor/Data/MonoBleedingEdge/etc'
Using monoOptions --debugger-agent=transport=dt_socket,embedding=1,server=y,suspend=n,address=127.0.0.1:56384
Begin MonoManager ReloadAssembly
Registering precompiled unity dll's ...
Register platform support module: C:/Program Files/Unity/Hub/Editor/2020.3.11f1/Editor/Data/PlaybackEngines/WindowsStandaloneSupport/UnityEditor.WindowsStandalone.Extensions.dll
Registered in 0.001277 seconds.
Native extension for WindowsStandalone target not found
Refreshing native plugins compatible for Editor in 20.43 ms, found 2 plugins.
Preloading 0 native plugins for Editor in 0.00 ms.
Mono: successfully reloaded assembly
- Completed reload, in  0.699 seconds
Platform modules already initialized, skipping
Registering precompiled user dll's ...
Registered in 0.001792 seconds.
Begin MonoManager ReloadAssembly
Native extension for WindowsStandalone target not found
Refreshing native plugins compatible for Editor in 0.31 ms, found 2 plugins.
Preloading 0 native plugins for Editor in 0.00 ms.
Mono: successfully reloaded assembly
- Completed reload, in  0.748 seconds
Platform modules already initialized, skipping
========================================================================
Worker process is ready to serve import requests
Launched and connected shader compiler UnityShaderCompiler.exe after 0.04 seconds
Refreshing native plugins compatible for Editor in 0.36 ms, found 2 plugins.
Preloading 0 native plugins for Editor in 0.00 ms.
Unloading 1427 Unused Serialized files (Serialized files now loaded: 0)
System memory in use before: 65.9 MB.
System memory in use after: 65.9 MB.

Unloading 19 unused Assets to reduce memory usage. Loaded Objects now: 1860.
Total: 1.679500 ms (FindLiveObjects: 0.142400 ms CreateObjectMapping: 0.040200 ms MarkObjects: 1.435300 ms  DeleteObjects: 0.060800 ms)

========================================================================
Received Import Request.
  path: Assets/Scripts/AsteroidSimulator.cs
  artifactKey: Guid(bd7f9922a48b83744867ef7b48dd0b62) Importer(815301076,1909f56bfc062723c751e8b465ee728b)
Start importing Assets/Scripts/AsteroidSimulator.cs using Guid(bd7f9922a48b83744867ef7b48dd0b62) Importer(815301076,1909f56bfc062723c751e8b465ee728b)  -> (artifact id: '3c27ffadddb0ec0344b12bde779c8099') in 0.016526 seconds
  Import took 0.018401 seconds .

========================================================================
Received Import Request.
  Time since last request: 3.371287 seconds.
  path: Assets/Scripts/Asteroid.cs
  artifactKey: Guid(19d26e6f564cdf6429b1d7d38ae2fc35) Importer(815301076,1909f56bfc062723c751e8b465ee728b)
Start importing Assets/Scripts/Asteroid.cs using Guid(19d26e6f564cdf6429b1d7d38ae2fc35) Importer(815301076,1909f56bfc062723c751e8b465ee728b)  -> (artifact id: 'a6a1d31e277f9c4c97525cacd4233d8e') in 0.119517 seconds
  Import took 0.194463 seconds .

========================================================================
Received Import Request.
  Time since last request: 0.832355 seconds.
  path: Assets/Scripts/GameManager.cs
  artifactKey: Guid(1e9a33e664dbddf428195cc1a6cff2b1) Importer(815301076,1909f56bfc062723c751e8b465ee728b)
Start importing Assets/Scripts/GameManager.cs using Guid(1e9a33e664dbddf428195cc1a6cff2b1) Importer(815301076,1909f56bfc062723c751e8b465ee728b)  -> (artifact id: '256a70cef392a4eb70c12f8c7c4d699a') in 0.006082 seconds
  Import took 0.014523 seconds .

========================================================================
Received Import Request.
  Time since last request: 0.286471 seconds.
  path: Assets/Scripts/KdTree.cs
  artifactKey: Guid(05bd97c1d0578b342b319838fbdbd88e) Importer(815301076,1909f56bfc062723c751e8b465ee728b)
Start importing Assets/Scripts/KdTree.cs using Guid(05bd97c1d0578b342b319838fbdbd88e) Importer(815301076,1909f56bfc062723c751e8b465ee728b)  -> (artifact id: '35a04cc98897254fee819e7ffe68be5b') in 0.004917 seconds
  Import took 0.007498 seconds .

========================================================================
Received Import Request.
  Time since last request: 0.000385 seconds.
  path: Assets/Scripts/KdTree.cs
  artifactKey: Guid(05bd97c1d0578b342b319838fbdbd88e) Importer(815301076,1909f56bfc062723c751e8b465ee728b)
Start importing Assets/Scripts/KdTree.cs using Guid(05bd97c1d0578b342b319838fbdbd88e) Importer(815301076,1909f56bfc062723c751e8b465ee728b)  -> (artifact id: '35a04cc98897254fee819e7ffe68be5b') in 0.002259 seconds
  Import took 0.005086 seconds .

========================================================================
Received Import Request.
  Time since last request: 1.173390 seconds.
  path: Assets/Scripts/ShipManager.cs
  artifactKey: Guid(7765364afb4e9724f8990974327d44a3) Importer(815301076,1909f56bfc062723c751e8b465ee728b)
Start importing Assets/Scripts/ShipManager.cs using Guid(7765364afb4e9724f8990974327d44a3) Importer(815301076,1909f56bfc062723c751e8b465ee728b)  -> (artifact id: '79bddb49e0942813414177e0c739eef5') in 0.004830 seconds
  Import took 0.016821 seconds .

